\BOOKMARK [0][-]{chapter.1}{1 Introduction}{}% 1
\BOOKMARK [0][-]{chapter.2}{2 Evolution Scenarios}{}% 2
\BOOKMARK [1][-]{section.2.1}{2.1 Evolution Scenarios of the Hybrid Cloud-based Variant}{chapter.2}% 3
\BOOKMARK [2][-]{subsection.2.1.1}{2.1.1 Setting up a Docker environment}{section.2.1}% 4
\BOOKMARK [2][-]{subsection.2.1.2}{2.1.2 Adding a Mobile App}{section.2.1}% 5
\BOOKMARK [1][-]{section.2.2}{2.2 Evolution Scenarios of the Microservice-based Variant}{chapter.2}% 6
\BOOKMARK [2][-]{subsection.2.2.1}{2.2.1 Defining different Microservices}{section.2.2}% 7
\BOOKMARK [0][-]{chapter.3}{3 Design Details for Evolution Scenarios}{}% 8
\BOOKMARK [1][-]{section.3.1}{3.1 Adding a Mobile App Client}{chapter.3}% 9
\BOOKMARK [2][-]{subsection.3.1.1}{3.1.1 Use Cases of the Mobile App}{section.3.1}% 10
\BOOKMARK [2][-]{subsection.3.1.2}{3.1.2 Design of the Mobile App}{section.3.1}% 11
\BOOKMARK [1][-]{section.3.2}{3.2 Setting up a Docker environment}{chapter.3}% 12
\BOOKMARK [1][-]{section.3.3}{3.3 Using Microservices Technology}{chapter.3}% 13
\BOOKMARK [2][-]{subsection.3.3.1}{3.3.1 Products}{section.3.3}% 14
\BOOKMARK [2][-]{subsection.3.3.2}{3.3.2 Stores}{section.3.3}% 15
\BOOKMARK [2][-]{subsection.3.3.3}{3.3.3 Enterprise}{section.3.3}% 16
\BOOKMARK [2][-]{subsection.3.3.4}{3.3.4 Reports}{section.3.3}% 17
\BOOKMARK [0][-]{chapter.4}{4 Implementation of Evolution Scenarios}{}% 18
\BOOKMARK [1][-]{section.4.1}{4.1 Docker}{chapter.4}% 19
\BOOKMARK [1][-]{section.4.2}{4.2 Adding a Mobile App Client}{chapter.4}% 20
\BOOKMARK [1][-]{section.4.3}{4.3 Using Microservice Technology}{chapter.4}% 21
\BOOKMARK [0][-]{chapter.5}{5 Conclusion}{}% 22
